<?xml version="1.0" encoding="UTF-8"?>
<testsuite xmlns:xsi="http://www.w3.org/2001/XMLSchema-instance" xsi:noNamespaceSchemaLocation="https://maven.apache.org/surefire/maven-surefire-plugin/xsd/surefire-test-report.xsd" name="org.example.DDTest" time="0.228" tests="4" errors="1" skipped="0" failures="0">
  <properties>
[...]
</properties>
  <testcase name="test{String}[1]" classname="org.example.DDTest" time="0.051"/>
  <testcase name="test{String}[2]" classname="org.example.DDTest" time="0.003"/>
  <testcase name="test{String}[3]" classname="org.example.DDTest" time="0.001"/>
  <testcase name="test2{int, String, String}" classname="org.example.DDTest" time="0.131">
    <error message="Classpath resource [myData.csv] does not exist" type="org.junit.platform.commons.PreconditionViolationException">org.junit.platform.commons.PreconditionViolationException: Classpath resource [myData.csv] does not exist
</error>
  </testcase>
</testsuite>